2020-02-05 08:57:04.866  INFO 4800 --- [main] com.park.factory.ndlc.Ndcl2Application   : Starting Ndcl2Application on LAPTOP-DPCCH9SN with PID 4800 (D:\ecli\ndcl-2\target\classes started by jipar in D:\ecli\ndcl-2)
2020-02-05 08:57:04.884  INFO 4800 --- [main] com.park.factory.ndlc.Ndcl2Application   : No active profile set, falling back to default profiles: default
2020-02-05 08:57:05.478  INFO 4800 --- [main] .s.d.r.c.RepositoryConfigurationDelegate : Bootstrapping Spring Data JPA repositories in DEFAULT mode.
2020-02-05 08:57:05.495  INFO 4800 --- [main] .s.d.r.c.RepositoryConfigurationDelegate : Finished Spring Data repository scanning in 8ms. Found 0 JPA repository interfaces.
2020-02-05 08:57:05.616  WARN 4800 --- [main] o.m.s.mapper.ClassPathMapperScanner      : No MyBatis mapper was found in '[com.park.factory.ndlc]' package. Please check your configuration.
2020-02-05 08:57:05.835  INFO 4800 --- [main] trationDelegate$BeanPostProcessorChecker : Bean 'org.springframework.transaction.annotation.ProxyTransactionManagementConfiguration' of type [org.springframework.transaction.annotation.ProxyTransactionManagementConfiguration] is not eligible for getting processed by all BeanPostProcessors (for example: not eligible for auto-proxying)
2020-02-05 08:57:06.210  INFO 4800 --- [main] o.s.b.w.embedded.tomcat.TomcatWebServer  : Tomcat initialized with port(s): 8080 (http)
2020-02-05 08:57:06.220  INFO 4800 --- [main] o.apache.catalina.core.StandardService   : Starting service [Tomcat]
2020-02-05 08:57:06.220  INFO 4800 --- [main] org.apache.catalina.core.StandardEngine  : Starting Servlet engine: [Apache Tomcat/9.0.30]
2020-02-05 08:57:06.314  INFO 4800 --- [main] o.a.c.c.C.[Tomcat].[localhost].[/]       : Initializing Spring embedded WebApplicationContext
2020-02-05 08:57:06.315  INFO 4800 --- [main] o.s.web.context.ContextLoader            : Root WebApplicationContext: initialization completed in 1375 ms
2020-02-05 08:57:06.395  INFO 4800 --- [main] com.zaxxer.hikari.HikariDataSource       : HikariPool-1 - Starting...
2020-02-05 08:57:06.648  INFO 4800 --- [main] com.zaxxer.hikari.HikariDataSource       : HikariPool-1 - Start completed.
2020-02-05 08:57:06.648  INFO 4800 --- [main] com.park.factory.ndlc.Ndcl2Application   : -------------------------------------------------------------------
2020-02-05 08:57:06.648  INFO 4800 --- [main] com.park.factory.ndlc.Ndcl2Application   : datasource : HikariDataSource (HikariPool-1)
2020-02-05 08:57:06.835  INFO 4800 --- [main] o.hibernate.jpa.internal.util.LogHelper  : HHH000204: Processing PersistenceUnitInfo [name: default]
2020-02-05 08:57:06.901  INFO 4800 --- [main] org.hibernate.Version                    : HHH000412: Hibernate Core {5.4.10.Final}
2020-02-05 08:57:07.028  INFO 4800 --- [main] o.hibernate.annotations.common.Version   : HCANN000001: Hibernate Commons Annotations {5.1.0.Final}
2020-02-05 08:57:07.128  INFO 4800 --- [main] org.hibernate.dialect.Dialect            : HHH000400: Using dialect: org.hibernate.dialect.MySQL57Dialect
2020-02-05 08:57:07.338  INFO 4800 --- [main] o.h.e.t.j.p.i.JtaPlatformInitiator       : HHH000490: Using JtaPlatform implementation: [org.hibernate.engine.transaction.jta.platform.internal.NoJtaPlatform]
2020-02-05 08:57:07.345  INFO 4800 --- [main] j.LocalContainerEntityManagerFactoryBean : Initialized JPA EntityManagerFactory for persistence unit 'default'
2020-02-05 08:57:07.488  INFO 4800 --- [main] o.s.s.c.ThreadPoolTaskScheduler          : Initializing ExecutorService 'taskScheduler2'
2020-02-05 08:57:07.534  WARN 4800 --- [main] JpaBaseConfiguration$JpaWebConfiguration : spring.jpa.open-in-view is enabled by default. Therefore, database queries may be performed during view rendering. Explicitly configure spring.jpa.open-in-view to disable this warning
2020-02-05 08:57:07.671  INFO 4800 --- [main] o.s.s.concurrent.ThreadPoolTaskExecutor  : Initializing ExecutorService 'applicationTaskExecutor'
2020-02-05 08:57:08.015  INFO 4800 --- [main] o.s.b.w.embedded.tomcat.TomcatWebServer  : Tomcat started on port(s): 8080 (http) with context path ''
2020-02-05 08:57:08.019  INFO 4800 --- [main] com.park.factory.ndlc.Ndcl2Application   : Started Ndcl2Application in 3.585 seconds (JVM running for 4.072)
2020-02-05 09:02:16.305  INFO 9192 --- [main] com.park.factory.ndlc.Ndcl2Application   : Starting Ndcl2Application on LAPTOP-DPCCH9SN with PID 9192 (D:\ecli\ndcl-2\target\classes started by jipar in D:\ecli\ndcl-2)
2020-02-05 09:02:16.313  INFO 9192 --- [main] com.park.factory.ndlc.Ndcl2Application   : No active profile set, falling back to default profiles: default
2020-02-05 09:02:16.904  INFO 9192 --- [main] .s.d.r.c.RepositoryConfigurationDelegate : Bootstrapping Spring Data JPA repositories in DEFAULT mode.
2020-02-05 09:02:16.917  INFO 9192 --- [main] .s.d.r.c.RepositoryConfigurationDelegate : Finished Spring Data repository scanning in 6ms. Found 0 JPA repository interfaces.
2020-02-05 09:02:17.018  WARN 9192 --- [main] o.m.s.mapper.ClassPathMapperScanner      : No MyBatis mapper was found in '[com.park.factory.ndlc]' package. Please check your configuration.
2020-02-05 09:02:17.270  INFO 9192 --- [main] trationDelegate$BeanPostProcessorChecker : Bean 'org.springframework.transaction.annotation.ProxyTransactionManagementConfiguration' of type [org.springframework.transaction.annotation.ProxyTransactionManagementConfiguration] is not eligible for getting processed by all BeanPostProcessors (for example: not eligible for auto-proxying)
2020-02-05 09:02:17.627  INFO 9192 --- [main] o.s.b.w.embedded.tomcat.TomcatWebServer  : Tomcat initialized with port(s): 8080 (http)
2020-02-05 09:02:17.636  INFO 9192 --- [main] o.apache.catalina.core.StandardService   : Starting service [Tomcat]
2020-02-05 09:02:17.636  INFO 9192 --- [main] org.apache.catalina.core.StandardEngine  : Starting Servlet engine: [Apache Tomcat/9.0.30]
2020-02-05 09:02:17.729  INFO 9192 --- [main] o.a.c.c.C.[Tomcat].[localhost].[/]       : Initializing Spring embedded WebApplicationContext
2020-02-05 09:02:17.730  INFO 9192 --- [main] o.s.web.context.ContextLoader            : Root WebApplicationContext: initialization completed in 1375 ms
2020-02-05 09:02:17.808  INFO 9192 --- [main] com.zaxxer.hikari.HikariDataSource       : HikariPool-1 - Starting...
2020-02-05 09:02:18.035  INFO 9192 --- [main] com.zaxxer.hikari.HikariDataSource       : HikariPool-1 - Start completed.
2020-02-05 09:02:18.036  INFO 9192 --- [main] com.park.factory.ndlc.Ndcl2Application   : -------------------------------------------------------------------
2020-02-05 09:02:18.036  INFO 9192 --- [main] com.park.factory.ndlc.Ndcl2Application   : datasource : HikariDataSource (HikariPool-1)
2020-02-05 09:02:18.238  INFO 9192 --- [main] o.hibernate.jpa.internal.util.LogHelper  : HHH000204: Processing PersistenceUnitInfo [name: default]
2020-02-05 09:02:18.307  INFO 9192 --- [main] org.hibernate.Version                    : HHH000412: Hibernate Core {5.4.10.Final}
2020-02-05 09:02:18.413  INFO 9192 --- [main] o.hibernate.annotations.common.Version   : HCANN000001: Hibernate Commons Annotations {5.1.0.Final}
2020-02-05 09:02:18.506  INFO 9192 --- [main] org.hibernate.dialect.Dialect            : HHH000400: Using dialect: org.hibernate.dialect.MySQL57Dialect
2020-02-05 09:02:18.662  INFO 9192 --- [main] o.h.e.t.j.p.i.JtaPlatformInitiator       : HHH000490: Using JtaPlatform implementation: [org.hibernate.engine.transaction.jta.platform.internal.NoJtaPlatform]
2020-02-05 09:02:18.667  INFO 9192 --- [main] j.LocalContainerEntityManagerFactoryBean : Initialized JPA EntityManagerFactory for persistence unit 'default'
2020-02-05 09:02:18.829  WARN 9192 --- [main] JpaBaseConfiguration$JpaWebConfiguration : spring.jpa.open-in-view is enabled by default. Therefore, database queries may be performed during view rendering. Explicitly configure spring.jpa.open-in-view to disable this warning
2020-02-05 09:02:18.960  INFO 9192 --- [main] o.s.s.concurrent.ThreadPoolTaskExecutor  : Initializing ExecutorService 'applicationTaskExecutor'
2020-02-05 09:02:19.161  INFO 9192 --- [main] o.s.s.c.ThreadPoolTaskScheduler          : Initializing ExecutorService 'taskScheduler'
2020-02-05 09:02:19.213  INFO 9192 --- [main] o.s.b.w.embedded.tomcat.TomcatWebServer  : Tomcat started on port(s): 8080 (http) with context path ''
2020-02-05 09:02:19.216  INFO 9192 --- [main] com.park.factory.ndlc.Ndcl2Application   : Started Ndcl2Application in 3.217 seconds (JVM running for 3.577)
2020-02-05 09:06:05.105  INFO 14664 --- [main] c.p.factory.ndlc.Ndcl2ApplicationTests   : Starting Ndcl2ApplicationTests on LAPTOP-DPCCH9SN with PID 14664 (started by jipar in D:\ecli\ndcl-2)
2020-02-05 09:06:05.113  INFO 14664 --- [main] c.p.factory.ndlc.Ndcl2ApplicationTests   : No active profile set, falling back to default profiles: default
2020-02-05 09:06:05.806  INFO 14664 --- [main] .s.d.r.c.RepositoryConfigurationDelegate : Bootstrapping Spring Data JPA repositories in DEFAULT mode.
2020-02-05 09:06:05.825  INFO 14664 --- [main] .s.d.r.c.RepositoryConfigurationDelegate : Finished Spring Data repository scanning in 10ms. Found 0 JPA repository interfaces.
2020-02-05 09:06:05.944  WARN 14664 --- [main] o.m.s.mapper.ClassPathMapperScanner      : No MyBatis mapper was found in '[com.park.factory.ndlc]' package. Please check your configuration.
2020-02-05 09:06:06.276  INFO 14664 --- [main] trationDelegate$BeanPostProcessorChecker : Bean 'org.springframework.transaction.annotation.ProxyTransactionManagementConfiguration' of type [org.springframework.transaction.annotation.ProxyTransactionManagementConfiguration] is not eligible for getting processed by all BeanPostProcessors (for example: not eligible for auto-proxying)
2020-02-05 09:06:06.369  INFO 14664 --- [main] com.zaxxer.hikari.HikariDataSource       : HikariPool-1 - Starting...
2020-02-05 09:06:06.575  INFO 14664 --- [main] com.zaxxer.hikari.HikariDataSource       : HikariPool-1 - Start completed.
2020-02-05 09:06:06.575  INFO 14664 --- [main] com.park.factory.ndlc.Ndcl2Application   : -------------------------------------------------------------------
2020-02-05 09:06:06.575  INFO 14664 --- [main] com.park.factory.ndlc.Ndcl2Application   : datasource : HikariDataSource (HikariPool-1)
2020-02-05 09:06:06.800  INFO 14664 --- [main] o.hibernate.jpa.internal.util.LogHelper  : HHH000204: Processing PersistenceUnitInfo [name: default]
2020-02-05 09:06:06.864  INFO 14664 --- [main] org.hibernate.Version                    : HHH000412: Hibernate Core {5.4.10.Final}
2020-02-05 09:06:07.024  INFO 14664 --- [main] o.hibernate.annotations.common.Version   : HCANN000001: Hibernate Commons Annotations {5.1.0.Final}
2020-02-05 09:06:07.291  INFO 14664 --- [main] org.hibernate.dialect.Dialect            : HHH000400: Using dialect: org.hibernate.dialect.MySQL57Dialect
2020-02-05 09:06:07.467  INFO 14664 --- [main] o.h.e.t.j.p.i.JtaPlatformInitiator       : HHH000490: Using JtaPlatform implementation: [org.hibernate.engine.transaction.jta.platform.internal.NoJtaPlatform]
2020-02-05 09:06:07.473  INFO 14664 --- [main] j.LocalContainerEntityManagerFactoryBean : Initialized JPA EntityManagerFactory for persistence unit 'default'
2020-02-05 09:06:07.929  WARN 14664 --- [main] JpaBaseConfiguration$JpaWebConfiguration : spring.jpa.open-in-view is enabled by default. Therefore, database queries may be performed during view rendering. Explicitly configure spring.jpa.open-in-view to disable this warning
2020-02-05 09:06:08.233  INFO 14664 --- [main] o.s.s.concurrent.ThreadPoolTaskExecutor  : Initializing ExecutorService 'applicationTaskExecutor'
2020-02-05 09:06:08.622  INFO 14664 --- [main] o.s.s.c.ThreadPoolTaskScheduler          : Initializing ExecutorService 'taskScheduler'
2020-02-05 09:06:08.685  INFO 14664 --- [scheduling-1] com.park.factory.ndlc.scheduleTest       : The time is now 09:06:08
2020-02-05 09:06:08.688  INFO 14664 --- [main] c.p.factory.ndlc.Ndcl2ApplicationTests   : Started Ndcl2ApplicationTests in 3.881 seconds (JVM running for 4.848)
2020-02-05 09:06:08.815  INFO 14664 --- [SpringContextShutdownHook] o.s.s.c.ThreadPoolTaskScheduler          : Shutting down ExecutorService 'taskScheduler'
2020-02-05 09:06:08.818  INFO 14664 --- [SpringContextShutdownHook] o.s.s.concurrent.ThreadPoolTaskExecutor  : Shutting down ExecutorService 'applicationTaskExecutor'
2020-02-05 09:06:08.819  INFO 14664 --- [SpringContextShutdownHook] j.LocalContainerEntityManagerFactoryBean : Closing JPA EntityManagerFactory for persistence unit 'default'
2020-02-05 09:06:08.821  INFO 14664 --- [SpringContextShutdownHook] com.zaxxer.hikari.HikariDataSource       : HikariPool-1 - Shutdown initiated...
2020-02-05 09:06:08.833  INFO 14664 --- [SpringContextShutdownHook] com.zaxxer.hikari.HikariDataSource       : HikariPool-1 - Shutdown completed.
2020-02-05 09:13:08.502  INFO 5220 --- [main] c.p.factory.ndlc.Ndcl2ApplicationTests   : Starting Ndcl2ApplicationTests on LAPTOP-DPCCH9SN with PID 5220 (started by jipar in D:\ecli\ndcl-2)
2020-02-05 09:13:08.510  INFO 5220 --- [main] c.p.factory.ndlc.Ndcl2ApplicationTests   : No active profile set, falling back to default profiles: default
2020-02-05 09:13:09.124  INFO 5220 --- [main] .s.d.r.c.RepositoryConfigurationDelegate : Bootstrapping Spring Data JPA repositories in DEFAULT mode.
2020-02-05 09:13:09.142  INFO 5220 --- [main] .s.d.r.c.RepositoryConfigurationDelegate : Finished Spring Data repository scanning in 10ms. Found 0 JPA repository interfaces.
2020-02-05 09:13:09.233  WARN 5220 --- [main] o.m.s.mapper.ClassPathMapperScanner      : No MyBatis mapper was found in '[com.park.factory.ndlc]' package. Please check your configuration.
2020-02-05 09:13:09.495  INFO 5220 --- [main] trationDelegate$BeanPostProcessorChecker : Bean 'org.springframework.transaction.annotation.ProxyTransactionManagementConfiguration' of type [org.springframework.transaction.annotation.ProxyTransactionManagementConfiguration] is not eligible for getting processed by all BeanPostProcessors (for example: not eligible for auto-proxying)
2020-02-05 09:13:09.577  INFO 5220 --- [main] com.zaxxer.hikari.HikariDataSource       : HikariPool-1 - Starting...
2020-02-05 09:13:09.767  INFO 5220 --- [main] com.zaxxer.hikari.HikariDataSource       : HikariPool-1 - Start completed.
2020-02-05 09:13:09.767  INFO 5220 --- [main] com.park.factory.ndlc.Ndcl2Application   : -------------------------------------------------------------------
2020-02-05 09:13:09.768  INFO 5220 --- [main] com.park.factory.ndlc.Ndcl2Application   : datasource : HikariDataSource (HikariPool-1)
2020-02-05 09:13:10.027  INFO 5220 --- [main] o.hibernate.jpa.internal.util.LogHelper  : HHH000204: Processing PersistenceUnitInfo [name: default]
2020-02-05 09:13:10.081  INFO 5220 --- [main] org.hibernate.Version                    : HHH000412: Hibernate Core {5.4.10.Final}
2020-02-05 09:13:10.194  INFO 5220 --- [main] o.hibernate.annotations.common.Version   : HCANN000001: Hibernate Commons Annotations {5.1.0.Final}
2020-02-05 09:13:10.394  INFO 5220 --- [main] org.hibernate.dialect.Dialect            : HHH000400: Using dialect: org.hibernate.dialect.MySQL57Dialect
2020-02-05 09:13:10.557  INFO 5220 --- [main] o.h.e.t.j.p.i.JtaPlatformInitiator       : HHH000490: Using JtaPlatform implementation: [org.hibernate.engine.transaction.jta.platform.internal.NoJtaPlatform]
2020-02-05 09:13:10.562  INFO 5220 --- [main] j.LocalContainerEntityManagerFactoryBean : Initialized JPA EntityManagerFactory for persistence unit 'default'
2020-02-05 09:13:10.966  WARN 5220 --- [main] JpaBaseConfiguration$JpaWebConfiguration : spring.jpa.open-in-view is enabled by default. Therefore, database queries may be performed during view rendering. Explicitly configure spring.jpa.open-in-view to disable this warning
2020-02-05 09:13:11.245  INFO 5220 --- [main] o.s.s.concurrent.ThreadPoolTaskExecutor  : Initializing ExecutorService 'applicationTaskExecutor'
2020-02-05 09:13:11.583  INFO 5220 --- [main] o.s.s.c.ThreadPoolTaskScheduler          : Initializing ExecutorService 'taskScheduler'
2020-02-05 09:13:11.627  INFO 5220 --- [scheduling-1] com.park.factory.ndlc.scheduleTest       : The time is now 09:13:11
2020-02-05 09:13:11.630  INFO 5220 --- [main] c.p.factory.ndlc.Ndcl2ApplicationTests   : Started Ndcl2ApplicationTests in 3.455 seconds (JVM running for 4.381)
2020-02-05 09:13:11.646  INFO 5220 --- [scheduling-1] com.park.factory.ndlc.scheduleTest       : The time is now 09:13:11
2020-02-05 09:13:11.715  INFO 5220 --- [SpringContextShutdownHook] o.s.s.c.ThreadPoolTaskScheduler          : Shutting down ExecutorService 'taskScheduler'
2020-02-05 09:13:11.717  INFO 5220 --- [SpringContextShutdownHook] o.s.s.concurrent.ThreadPoolTaskExecutor  : Shutting down ExecutorService 'applicationTaskExecutor'
2020-02-05 09:13:11.719  INFO 5220 --- [SpringContextShutdownHook] j.LocalContainerEntityManagerFactoryBean : Closing JPA EntityManagerFactory for persistence unit 'default'
2020-02-05 09:13:11.722  INFO 5220 --- [SpringContextShutdownHook] com.zaxxer.hikari.HikariDataSource       : HikariPool-1 - Shutdown initiated...
2020-02-05 09:13:11.734  INFO 5220 --- [SpringContextShutdownHook] com.zaxxer.hikari.HikariDataSource       : HikariPool-1 - Shutdown completed.
2020-02-05 09:19:38.921  INFO 14600 --- [main] com.park.factory.ndlc.Ndcl2Application   : Starting Ndcl2Application on LAPTOP-DPCCH9SN with PID 14600 (D:\ecli\ndcl-2\target\classes started by jipar in D:\ecli\ndcl-2)
2020-02-05 09:19:38.929  INFO 14600 --- [main] com.park.factory.ndlc.Ndcl2Application   : No active profile set, falling back to default profiles: default
2020-02-05 09:19:39.421  INFO 14600 --- [main] .s.d.r.c.RepositoryConfigurationDelegate : Bootstrapping Spring Data JPA repositories in DEFAULT mode.
2020-02-05 09:19:39.435  INFO 14600 --- [main] .s.d.r.c.RepositoryConfigurationDelegate : Finished Spring Data repository scanning in 6ms. Found 0 JPA repository interfaces.
2020-02-05 09:19:39.525  WARN 14600 --- [main] o.m.s.mapper.ClassPathMapperScanner      : No MyBatis mapper was found in '[com.park.factory.ndlc]' package. Please check your configuration.
2020-02-05 09:19:39.768  INFO 14600 --- [main] trationDelegate$BeanPostProcessorChecker : Bean 'org.springframework.transaction.annotation.ProxyTransactionManagementConfiguration' of type [org.springframework.transaction.annotation.ProxyTransactionManagementConfiguration] is not eligible for getting processed by all BeanPostProcessors (for example: not eligible for auto-proxying)
2020-02-05 09:19:40.143  INFO 14600 --- [main] o.s.b.w.embedded.tomcat.TomcatWebServer  : Tomcat initialized with port(s): 8080 (http)
2020-02-05 09:19:40.151  INFO 14600 --- [main] o.apache.catalina.core.StandardService   : Starting service [Tomcat]
2020-02-05 09:19:40.151  INFO 14600 --- [main] org.apache.catalina.core.StandardEngine  : Starting Servlet engine: [Apache Tomcat/9.0.30]
2020-02-05 09:19:40.242  INFO 14600 --- [main] o.a.c.c.C.[Tomcat].[localhost].[/]       : Initializing Spring embedded WebApplicationContext
2020-02-05 09:19:40.242  INFO 14600 --- [main] o.s.web.context.ContextLoader            : Root WebApplicationContext: initialization completed in 1272 ms
2020-02-05 09:19:40.316  INFO 14600 --- [main] com.zaxxer.hikari.HikariDataSource       : HikariPool-1 - Starting...
2020-02-05 09:19:40.617  INFO 14600 --- [main] com.zaxxer.hikari.HikariDataSource       : HikariPool-1 - Start completed.
2020-02-05 09:19:40.618  INFO 14600 --- [main] com.park.factory.ndlc.Ndcl2Application   : -------------------------------------------------------------------
2020-02-05 09:19:40.618  INFO 14600 --- [main] com.park.factory.ndlc.Ndcl2Application   : datasource : HikariDataSource (HikariPool-1)
2020-02-05 09:19:40.802  INFO 14600 --- [main] o.hibernate.jpa.internal.util.LogHelper  : HHH000204: Processing PersistenceUnitInfo [name: default]
2020-02-05 09:19:40.866  INFO 14600 --- [main] org.hibernate.Version                    : HHH000412: Hibernate Core {5.4.10.Final}
2020-02-05 09:19:40.988  INFO 14600 --- [main] o.hibernate.annotations.common.Version   : HCANN000001: Hibernate Commons Annotations {5.1.0.Final}
2020-02-05 09:19:41.079  INFO 14600 --- [main] org.hibernate.dialect.Dialect            : HHH000400: Using dialect: org.hibernate.dialect.MySQL57Dialect
2020-02-05 09:19:41.233  INFO 14600 --- [main] o.h.e.t.j.p.i.JtaPlatformInitiator       : HHH000490: Using JtaPlatform implementation: [org.hibernate.engine.transaction.jta.platform.internal.NoJtaPlatform]
2020-02-05 09:19:41.239  INFO 14600 --- [main] j.LocalContainerEntityManagerFactoryBean : Initialized JPA EntityManagerFactory for persistence unit 'default'
2020-02-05 09:19:41.407  WARN 14600 --- [main] JpaBaseConfiguration$JpaWebConfiguration : spring.jpa.open-in-view is enabled by default. Therefore, database queries may be performed during view rendering. Explicitly configure spring.jpa.open-in-view to disable this warning
2020-02-05 09:19:41.515  INFO 14600 --- [main] o.s.s.concurrent.ThreadPoolTaskExecutor  : Initializing ExecutorService 'applicationTaskExecutor'
2020-02-05 09:19:41.699  INFO 14600 --- [main] o.s.s.c.ThreadPoolTaskScheduler          : Initializing ExecutorService 'taskScheduler'
2020-02-05 09:19:41.746  INFO 14600 --- [main] o.s.b.w.embedded.tomcat.TomcatWebServer  : Tomcat started on port(s): 8080 (http) with context path ''
2020-02-05 09:19:41.748  INFO 14600 --- [main] com.park.factory.ndlc.Ndcl2Application   : Started Ndcl2Application in 3.142 seconds (JVM running for 3.491)
